\BOOKMARK [1][-]{section*.1}{\376\377\000A\000c\000k\000n\000o\000w\000l\000e\000d\000g\000m\000e\000n\000t\000s}{}% 1
\BOOKMARK [1][-]{section*.2}{\376\377\000R\000e\000s\000u\000m\000o}{}% 2
\BOOKMARK [1][-]{section*.3}{\376\377\000A\000b\000s\000t\000r\000a\000c\000t}{}% 3
\BOOKMARK [1][-]{section*.5}{\376\377\000L\000i\000s\000t\000\040\000o\000f\000\040\000F\000i\000g\000u\000r\000e\000s}{}% 4
\BOOKMARK [1][-]{section*.7}{\376\377\000N\000o\000m\000e\000n\000c\000l\000a\000t\000u\000r\000e}{}% 5
\BOOKMARK [0][-]{chapter.1}{\376\377\0001\000\040\000I\000n\000t\000r\000o\000d\000u\000c\000t\000i\000o\000n}{}% 6
\BOOKMARK [1][-]{section.1.1}{\376\377\0001\000.\0001\000\040\000M\000o\000t\000i\000v\000a\000t\000i\000o\000n}{chapter.1}% 7
\BOOKMARK [1][-]{section.1.2}{\376\377\0001\000.\0002\000\040\000T\000o\000p\000i\000c\000\040\000O\000v\000e\000r\000v\000i\000e\000w}{chapter.1}% 8
\BOOKMARK [1][-]{section.1.3}{\376\377\0001\000.\0003\000\040\000O\000b\000j\000e\000c\000t\000i\000v\000e\000s\000\040\000a\000n\000d\000\040\000D\000e\000l\000i\000v\000e\000r\000a\000b\000l\000e\000s}{chapter.1}% 9
\BOOKMARK [1][-]{section.1.4}{\376\377\0001\000.\0004\000\040\000T\000h\000e\000s\000i\000s\000\040\000O\000u\000t\000l\000i\000n\000e}{chapter.1}% 10
\BOOKMARK [0][-]{chapter.2}{\376\377\0002\000\040\000T\000h\000e\000o\000r\000e\000t\000i\000c\000a\000l\000\040\000B\000a\000c\000k\000g\000r\000o\000u\000n\000d}{}% 11
\BOOKMARK [1][-]{section.2.1}{\376\377\0002\000.\0001\000\040\000W\000e\000l\000l\000-\000P\000o\000s\000e\000d\000n\000e\000s\000s\000\040\000o\000f\000\040\000C\000a\000u\000c\000h\000y\000\040\000P\000r\000o\000b\000l\000e\000m\000s\000\040\000i\000n\000\040\000S\000y\000s\000t\000e\000m\000s\000\040\000o\000f\000\040\000P\000D\000E\000s}{chapter.2}% 12
\BOOKMARK [1][-]{section.2.2}{\376\377\0002\000.\0002\000\040\000T\000h\000e\000\040\0003\000+\0001\000\040\000F\000o\000r\000m\000a\000l\000i\000s\000m}{chapter.2}% 13
\BOOKMARK [1][-]{section.2.3}{\376\377\0002\000.\0003\000\040\000H\000y\000p\000e\000r\000b\000o\000l\000o\000i\000d\000a\000l\000\040\000C\000o\000m\000p\000a\000c\000t\000i\000f\000i\000c\000a\000t\000i\000o\000n}{chapter.2}% 14
\BOOKMARK [1][-]{section.2.4}{\376\377\0002\000.\0004\000\040\000T\000h\000e\000\040\000W\000a\000v\000e\000\040\000E\000q\000u\000a\000t\000i\000o\000n}{chapter.2}% 15
\BOOKMARK [1][-]{section.2.5}{\376\377\0002\000.\0005\000\040\000T\000h\000e\000\040\000C\000u\000b\000i\000c\000\040\000W\000a\000v\000e\000\040\000E\000q\000u\000a\000t\000i\000o\000n}{chapter.2}% 16
\BOOKMARK [0][-]{chapter.3}{\376\377\0003\000\040\000N\000u\000m\000e\000r\000i\000c\000a\000l\000\040\000S\000e\000t\000u\000p}{}% 17
\BOOKMARK [1][-]{section.3.1}{\376\377\0003\000.\0001\000\040\000G\000r\000i\000d\000\040\000S\000e\000t\000u\000p}{chapter.3}% 18
\BOOKMARK [1][-]{section.3.2}{\376\377\0003\000.\0002\000\040\000N\000u\000m\000e\000r\000i\000c\000a\000l\000\040\000M\000e\000t\000h\000o\000d}{chapter.3}% 19
\BOOKMARK [1][-]{section.3.3}{\376\377\0003\000.\0003\000\040\000A\000d\000a\000p\000t\000i\000v\000e\000\040\000M\000e\000s\000h\000\040\000R\000e\000f\000i\000n\000e\000m\000e\000n\000t}{chapter.3}% 20
\BOOKMARK [0][-]{chapter.4}{\376\377\0004\000\040\000R\000e\000s\000u\000l\000t\000s}{}% 21
\BOOKMARK [1][-]{section.4.1}{\376\377\0004\000.\0001\000\040\000W\000a\000v\000e\000\040\000E\000q\000u\000a\000t\000i\000o\000n\000\040\000i\000n\000\040\000H\000y\000p\000e\000r\000b\000o\000l\000o\000i\000d\000a\000l\000\040\000S\000l\000i\000c\000e\000s}{chapter.4}% 22
\BOOKMARK [1][-]{section.4.2}{\376\377\0004\000.\0002\000\040\000W\000a\000v\000e\000\040\000E\000q\000u\000a\000t\000i\000o\000n\000\040\000i\000n\000\040\000H\000y\000p\000e\000r\000b\000o\000l\000o\000i\000d\000a\000l\000\040\000L\000a\000y\000e\000r\000s}{chapter.4}% 23
\BOOKMARK [1][-]{section.4.3}{\376\377\0004\000.\0003\000\040\000C\000u\000b\000i\000c\000\040\000W\000a\000v\000e\000\040\000E\000q\000u\000a\000t\000i\000o\000n}{chapter.4}% 24
\BOOKMARK [0][-]{chapter.5}{\376\377\0005\000\040\000C\000o\000n\000c\000l\000u\000s\000i\000o\000n\000s}{}% 25
\BOOKMARK [1][-]{section.5.1}{\376\377\0005\000.\0001\000\040\000A\000c\000h\000i\000e\000v\000e\000m\000e\000n\000t\000s}{chapter.5}% 26
\BOOKMARK [1][-]{section.5.2}{\376\377\0005\000.\0002\000\040\000F\000u\000t\000u\000r\000e\000\040\000W\000o\000r\000k}{chapter.5}% 27
\BOOKMARK [0][-]{section*.10}{\376\377\000B\000i\000b\000l\000i\000o\000g\000r\000a\000p\000h\000y}{}% 28
